<?xml version="1.0" encoding="UTF-8"?>
<!-- Generated by org.testng.reporters.JUnitReportReporter -->
<testsuite hostname="DESKTOP-5NKHGQQ" failures="0" tests="5" name="Test_Api_P" time="7.635" errors="0" timestamp="2024-10-03T22:18:25 IST" skipped="0">
  <testcase classname="Test_Api_P" name="Filter" time="0.626"/>
  <system-out/>
  <testcase classname="Test_Api_P" name="LogrequestusinFilter" time="0.564"/>
  <system-out/>
  <testcase classname="Test_Api_P" name="Authencation" time="3.690"/>
  <system-out/>
  <testcase classname="Test_Api_P" name="Getall" time="0.587"/>
  <system-out/>
  <testcase classname="Test_Api_P" name="Tokengenetaion" time="2.168"/>
  <system-out/>
</testsuite> <!-- Test_Api_P -->
