<?xml version="1.0" encoding="UTF-8"?>
<!-- Generated by org.testng.reporters.JUnitReportReporter -->
<testsuite hostname="DESKTOP-5NKHGQQ" failures="0" tests="4" name="Test_API_N" time="7.468" errors="0" timestamp="2024-09-16T14:28:34 IST" skipped="0">
  <testcase classname="Test_API_N" name="Authentication_N" time="0.913"/>
  <testcase classname="Test_API_N" name="Authentication_N" time="0.933"/>
  <testcase classname="Test_API_N" name="Authentication_N" time="0.849"/>
  <testcase classname="Test_API_N" name="Authentication_N" time="4.773"/>
</testsuite> <!-- Test_API_N -->
