<?xml version="1.0" encoding="UTF-8"?>
<!-- Generated by org.testng.reporters.JUnitReportReporter -->
<testsuite hostname="DESKTOP-5NKHGQQ" failures="0" tests="5" name="Test_Api_P" time="10.535" errors="0" timestamp="2024-10-06T11:22:45 IST" skipped="0">
  <testcase classname="Test_Api_P" name="Tokengenetaion" time="3.224"/>
  <system-out/>
  <testcase classname="Test_Api_P" name="Authencation" time="4.930"/>
  <system-out/>
  <testcase classname="Test_Api_P" name="Filter" time="0.589"/>
  <system-out/>
  <testcase classname="Test_Api_P" name="LogrequestusinFilter" time="1.186"/>
  <system-out/>
  <testcase classname="Test_Api_P" name="Getall" time="0.606"/>
  <system-out/>
</testsuite> <!-- Test_Api_P -->
